<?xml version="1.0" encoding="UTF-8"?>
<!-- Generated by org.testng.reporters.JUnitReportReporter -->
<testsuite hostname="DESKTOP-GR8P9HQ" name="com.datadriven.NewTours_NewUserRegistartion_TestData" tests="2" failures="0" timestamp="9 Aug 2018 18:51:56 GMT" time="20.386" errors="0">
  <testcase name="register" time="1.216" classname="com.datadriven.NewTours_NewUserRegistartion_TestData"/>
  <testcase name="userregistration" time="19.170" classname="com.datadriven.NewTours_NewUserRegistartion_TestData"/>
</testsuite> <!-- com.datadriven.NewTours_NewUserRegistartion_TestData -->
