<?xml version="1.0" encoding="UTF-8"?>
<!-- Generated by org.testng.reporters.JUnitReportReporter -->
<testsuite hostname="DESKTOP-GR8P9HQ" name="com.pom.NewtoursHomepageTesting" tests="1" failures="0" timestamp="15 Aug 2018 16:10:28 GMT" time="23.179" errors="0">
  <testcase name="homepage" time="23.179" classname="com.pom.NewtoursHomepageTesting"/>
</testsuite> <!-- com.pom.NewtoursHomepageTesting -->
