<?xml version="1.0" encoding="UTF-8"?>
<!-- Generated by org.testng.reporters.JUnitReportReporter -->
<testsuite hostname="DESKTOP-GR8P9HQ" name="com.keyboarddriven.Loginusingkeywords" tests="1" failures="0" timestamp="16 Aug 2018 15:55:25 GMT" time="46.561" errors="0">
  <testcase name="logInTest" time="46.561" classname="com.keyboarddriven.Loginusingkeywords"/>
</testsuite> <!-- com.keyboarddriven.Loginusingkeywords -->
